Detecting C [-std=c11] compiler features failed to compile with the following output:
Change Dir: /Users/michelecavaioni/Flatiron/My-Projects/Udacity-Self-Driving-Car/Term2/Project #2-Unscented-Kalman-Filters/CarND-Unscented-Kalman-Filter-Project/build/CMakeFiles/CMakeTmp

Run Build Command:"/usr/bin/make" "cmTC_6b131/fast"
/Applications/Xcode.app/Contents/Developer/usr/bin/make -f CMakeFiles/cmTC_6b131.dir/build.make CMakeFiles/cmTC_6b131.dir/build
make[1]: *** No rule to make target `/Users/michelecavaioni/Flatiron/My-Projects/Udacity-Self-Driving-Car/Term2/Project\', needed by `CMakeFiles/cmTC_6b131.dir/feature_tests.c.o'.  Stop.
make: *** [cmTC_6b131/fast] Error 2



Detecting CXX [-std=c++14] compiler features failed to compile with the following output:
Change Dir: /Users/michelecavaioni/Flatiron/My-Projects/Udacity-Self-Driving-Car/Term2/Project #2-Unscented-Kalman-Filters/CarND-Unscented-Kalman-Filter-Project/build/CMakeFiles/CMakeTmp

Run Build Command:"/usr/bin/make" "cmTC_17246/fast"
/Applications/Xcode.app/Contents/Developer/usr/bin/make -f CMakeFiles/cmTC_17246.dir/build.make CMakeFiles/cmTC_17246.dir/build
make[1]: *** No rule to make target `/Users/michelecavaioni/Flatiron/My-Projects/Udacity-Self-Driving-Car/Term2/Project\', needed by `CMakeFiles/cmTC_17246.dir/feature_tests.cxx.o'.  Stop.
make: *** [cmTC_17246/fast] Error 2



