Detecting C [-std=c11] compiler features failed to compile with the following output:
Change Dir: /Users/michelecavaioni/Flatiron/My-Projects/Udacity-Self-Driving-Car/Term2/Project #5-Model-Predictive-Control/CarND-MPC-Project/build/CMakeFiles/CMakeTmp

Run Build Command:"/usr/bin/make" "cmTC_d7baf/fast"
/Applications/Xcode.app/Contents/Developer/usr/bin/make -f CMakeFiles/cmTC_d7baf.dir/build.make CMakeFiles/cmTC_d7baf.dir/build
make[1]: *** No rule to make target `/Users/michelecavaioni/Flatiron/My-Projects/Udacity-Self-Driving-Car/Term2/Project\', needed by `CMakeFiles/cmTC_d7baf.dir/feature_tests.c.o'.  Stop.
make: *** [cmTC_d7baf/fast] Error 2



Detecting CXX [-std=c++1z] compiler features failed to compile with the following output:
Change Dir: /Users/michelecavaioni/Flatiron/My-Projects/Udacity-Self-Driving-Car/Term2/Project #5-Model-Predictive-Control/CarND-MPC-Project/build/CMakeFiles/CMakeTmp

Run Build Command:"/usr/bin/make" "cmTC_db27c/fast"
/Applications/Xcode.app/Contents/Developer/usr/bin/make -f CMakeFiles/cmTC_db27c.dir/build.make CMakeFiles/cmTC_db27c.dir/build
make[1]: *** No rule to make target `/Users/michelecavaioni/Flatiron/My-Projects/Udacity-Self-Driving-Car/Term2/Project\', needed by `CMakeFiles/cmTC_db27c.dir/feature_tests.cxx.o'.  Stop.
make: *** [cmTC_db27c/fast] Error 2



