Detecting C [-std=c11] compiler features failed to compile with the following output:
Change Dir: /Users/michelecavaioni/Flatiron/My-Projects/Udacity-Self-Driving-Car/Term2/Project #1-Extended-Kalman-Filters/CarND-Extended-Kalman-Filter-Project/build/CMakeFiles/CMakeTmp

Run Build Command:"/usr/bin/make" "cmTC_855d8/fast"
/Applications/Xcode.app/Contents/Developer/usr/bin/make -f CMakeFiles/cmTC_855d8.dir/build.make CMakeFiles/cmTC_855d8.dir/build
make[1]: *** No rule to make target `/Users/michelecavaioni/Flatiron/My-Projects/Udacity-Self-Driving-Car/Term2/Project\', needed by `CMakeFiles/cmTC_855d8.dir/feature_tests.c.o'.  Stop.
make: *** [cmTC_855d8/fast] Error 2



Detecting CXX [-std=c++14] compiler features failed to compile with the following output:
Change Dir: /Users/michelecavaioni/Flatiron/My-Projects/Udacity-Self-Driving-Car/Term2/Project #1-Extended-Kalman-Filters/CarND-Extended-Kalman-Filter-Project/build/CMakeFiles/CMakeTmp

Run Build Command:"/usr/bin/make" "cmTC_c3395/fast"
/Applications/Xcode.app/Contents/Developer/usr/bin/make -f CMakeFiles/cmTC_c3395.dir/build.make CMakeFiles/cmTC_c3395.dir/build
make[1]: *** No rule to make target `/Users/michelecavaioni/Flatiron/My-Projects/Udacity-Self-Driving-Car/Term2/Project\', needed by `CMakeFiles/cmTC_c3395.dir/feature_tests.cxx.o'.  Stop.
make: *** [cmTC_c3395/fast] Error 2



